CMD: C:\Games\talan_suite_v28\.venv\Scripts\python.exe C:\Games\talan_suite_v28\parser/shantary/shantary_parser.py --config parser/shantary/shantary_config.json
NOTE: output is captured via PowerShell Start-Transcript to keep stdout a real TTY (tqdm works).

**********************
?????? ?????? ???????? Windows PowerShell
????? ??????: 20260211173842
??? ????????????: DESKTOP-MBG9799\Admin
?????? ?? ????? ????????????: DESKTOP-MBG9799\Admin
??? ????????????: 
?????????: DESKTOP-MBG9799 (Microsoft Windows NT 10.0.26200.0)
??????? ??????????: powershell.exe -NoLogo -NoProfile -ExecutionPolicy Bypass -Command $ErrorActionPreference='Continue'; [Console]::OutputEncoding=[System.Text.Encoding]::UTF8; $env:PYTHONIOENCODING='utf-8'; $env:PYTHONUNBUFFERED='1'; $out='C:\Games\talan_suite_v28\launcher\logs\20260211_173139\parsers\shantary.stdout.log'; try { Start-Transcript -Path $out -Append -Force | Out-Null } catch {} ; & 'C:\Games\talan_suite_v28\.venv\Scripts\python.exe' 'C:\Games\talan_suite_v28\parser/shantary/shantary_parser.py' '--config' 'parser/shantary/shantary_config.json'; $rc=$LASTEXITCODE; try { Stop-Transcript | Out-Null } catch {} ; exit $rc
?? ????????: 5076
PSVersion: 5.1.26100.7462
PSEdition: Desktop
PSCompatibleVersions: 1.0, 2.0, 3.0, 4.0, 5.0, 5.1.26100.7462
BuildVersion: 10.0.26100.7462
CLRVersion: 4.0.30319.42000
WSManStackVersion: 3.0
PSRemotingProtocolVersion: 2.3
SerializationVersion: 1.1.0.1
**********************
2026-02-11 17:38:50,566 | INFO |
[PROGRESS 3/5] Category 'flat' (token=flat)
2026-02-11 17:38:50,567 | INFO | Targets for flat: 3 houses
flat houses:   0%|                                                                               | 0/3 [00:00<?, ?it/s]2
026-02-11 17:39:04,290 | WARNING | get_estates seems paginated but pagination probes didn't improve results; returning 1
 items
2026-02-11 17:39:04,291 | INFO | House 4225723 (flat): rows=180
flat houses:  33%|????????????????????????                                               | 1/3 [00:13<00:27, 13.72s/it]2
026-02-11 17:39:18,421 | WARNING | get_estates seems paginated but pagination probes didn't improve results; returning 1
 items
2026-02-11 17:39:18,423 | INFO | House 4269815 (flat): rows=180
flat houses:  67%|????????????????????????????????????????????????                       | 2/3 [00:27<00:13, 13.96s/it]2
026-02-11 17:39:31,475 | WARNING | get_estates seems paginated but pagination probes didn't improve results; returning 1
 items
2026-02-11 17:39:31,477 | INFO | House 4269836 (flat): rows=180
flat houses: 100%|???????????????????????????????????????????????????????????????????????| 3/3 [00:40<00:00, 13.63s/it]
2026-02-11 17:39:31,477 | INFO |
[PROGRESS 3/5] Category 'parking' (token=garage)
2026-02-11 17:39:31,477 | INFO | Targets for parking: 1 houses
parking houses:   0%|                                                                            | 0/1 [00:00<?, ?it/s]2
026-02-11 17:39:54,462 | WARNING | get_estates seems paginated but pagination probes didn't improve results; returning 1
 items
2026-02-11 17:39:54,464 | INFO | House 4225723 (parking): rows=391
parking houses: 100%|????????????????????????????????????????????????????????????????????| 1/1 [00:22<00:00, 22.99s/it]
2026-02-11 17:39:54,482 | INFO | Result written to C:\Games\talan_suite_v28\parser\shantary\output_shantary\result.json

Done. status=OK rows=931 errors=0 retries=1
Snapshot: C:\Games\talan_suite_v28\parser\shantary\output_shantary\snapshots_raw\shantary__?????????__20260211_173842.cs
v
**********************
????? ?????? ????????? Windows PowerShell
????? ?????????: 20260211173954
**********************
